\BOOKMARK [0][-]{chapter.1}{Abstract}{}% 1
\BOOKMARK [0][-]{chapter.2}{Mechanics}{}% 2
\BOOKMARK [1][-]{section*.2}{Topology and Mobility Analysis}{chapter.2}% 3
\BOOKMARK [2][-]{section*.3}{Exercise 2}{section*.2}% 4
\BOOKMARK [1][-]{section*.4}{Geometry and Kinematics}{chapter.2}% 5
\BOOKMARK [2][-]{subsection.2.0.1}{Exercise 4}{section*.4}% 6
\BOOKMARK [2][-]{subsection.2.0.2}{Exercise 5}{section*.4}% 7
\BOOKMARK [2][-]{subsection.2.0.3}{Exercise 6}{section*.4}% 8
\BOOKMARK [1][-]{section*.5}{Dynamics}{chapter.2}% 9
\BOOKMARK [2][-]{subsection.2.0.4}{Exercise 7}{section*.5}% 10
\BOOKMARK [2][-]{subsection.2.0.5}{Exercise 8}{section*.5}% 11
\BOOKMARK [2][-]{subsection.2.0.6}{Exercise 9}{section*.5}% 12
\BOOKMARK [0][-]{chapter.3}{Control}{}% 13
\BOOKMARK [1][-]{section*.6}{Exercise 10}{chapter.3}% 14
\BOOKMARK [1][-]{section*.7}{Exercise 11}{chapter.3}% 15
\BOOKMARK [1][-]{section*.8}{Exercise 12}{chapter.3}% 16
\BOOKMARK [0][-]{chapter.4}{Questionnaire}{}% 17
\BOOKMARK [1][-]{section*.9}{Question 1}{chapter.4}% 18
\BOOKMARK [1][-]{section*.10}{Question 2}{chapter.4}% 19
\BOOKMARK [1][-]{section*.11}{Question 3}{chapter.4}% 20
\BOOKMARK [1][-]{section*.12}{Question 4}{chapter.4}% 21
\BOOKMARK [1][-]{section*.13}{Question 5}{chapter.4}% 22
\BOOKMARK [1][-]{section*.14}{Question 6}{chapter.4}% 23
\BOOKMARK [1][-]{section*.15}{Question 7}{chapter.4}% 24
\BOOKMARK [1][-]{section*.16}{Question 8}{chapter.4}% 25
\BOOKMARK [1][-]{section*.17}{Question 9}{chapter.4}% 26
\BOOKMARK [1][-]{section*.18}{Question 10}{chapter.4}% 27
\BOOKMARK [1][-]{section*.19}{Equations style}{chapter.4}% 28
\BOOKMARK [1][-]{section*.20}{Additional Boxes}{chapter.4}% 29
\BOOKMARK [1][-]{section*.21}{Final instructions}{chapter.4}% 30
